<?xml version="1.0" encoding="UTF-8"?>
<testsuite xmlns:xsi="http://www.w3.org/2001/XMLSchema-instance" xsi:noNamespaceSchemaLocation="https://maven.apache.org/surefire/maven-surefire-plugin/xsd/surefire-test-report.xsd" name="com.github.mauricioaniche.ck.LocalFieldsAccessedTest" time="0.013" tests="9" errors="0" skipped="0" failures="0">
  <properties>
[...]
</properties>
  <testcase name="checkNulls" classname="com.github.mauricioaniche.ck.LocalFieldsAccessedTest" time="0.001"/>
  <testcase name="localNonLocalAccess" classname="com.github.mauricioaniche.ck.LocalFieldsAccessedTest" time="0"/>
  <testcase name="localFieldsAccessedBasic" classname="com.github.mauricioaniche.ck.LocalFieldsAccessedTest" time="0.001"/>
  <testcase name="nonLocalQualifiedAccess" classname="com.github.mauricioaniche.ck.LocalFieldsAccessedTest" time="0"/>
  <testcase name="localIfBlock" classname="com.github.mauricioaniche.ck.LocalFieldsAccessedTest" time="0.001"/>
  <testcase name="localFieldsThatAreDeclaredAfter" classname="com.github.mauricioaniche.ck.LocalFieldsAccessedTest" time="0"/>
  <testcase name="localLambdaFunction" classname="com.github.mauricioaniche.ck.LocalFieldsAccessedTest" time="0"/>
  <testcase name="localThisQualifiedAccess" classname="com.github.mauricioaniche.ck.LocalFieldsAccessedTest" time="0.001"/>
  <testcase name="localReturnStatement" classname="com.github.mauricioaniche.ck.LocalFieldsAccessedTest" time="0"/>
</testsuite>